#
# A fatal error has been detected by the Java Runtime Environment:
#
#  SIGSEGV (0xb) at pc=0x00007fffc500ed08, pid=33511, tid=775
#
# JRE version: Java(TM) SE Runtime Environment (9.0+11) (build 9.0.4+11)
# Java VM: Java HotSpot(TM) 64-Bit Server VM (9.0.4+11, mixed mode, tiered, compressed oops, g1 gc, bsd-amd64)
# Problematic frame:
# C  [libobjc.A.dylib+0xbd08]  objc_storeWeak+0x16e
#
# No core dump will be written. Core dumps have been disabled. To enable core dumping, try "ulimit -c unlimited" before starting Java again
#
# If you would like to submit a bug report, please visit:
#   http://bugreport.java.com/bugreport/crash.jsp
# The crash happened outside the Java Virtual Machine in native code.
# See problematic frame for where to report the bug.
#

---------------  S U M M A R Y ------------

Command Line: -Djava.library.path=/Users/leyiao/Desktop/2018.SEMESTER.1&2/SWEN20003  /SWEN20003/Project 2B/lib:/Users/leyiao/Desktop/2018.SEMESTER.1&2/SWEN20003  /SWEN20003/Project 2B/lib:/Users/leyiao/Desktop/2018.SEMESTER.1&2/SWEN20003  /SWEN20003/Project 2B/lib -Dfile.encoding=UTF-8 App

Host: MacBookAir7,2 x86_64 1800 MHz, 4 cores, 8G, Darwin 16.6.0
Time: Thu May 30 22:09:24 2019 AEST elapsed time: 70 seconds (0d 0h 1m 10s)

---------------  T H R E A D  ---------------

Current thread (0x00007fac488d8000):  JavaThread "AppKit Thread" daemon [_thread_in_native, id=775, stack(0x00007fff50188000,0x00007fff50988000)]

Stack: [0x00007fff50188000,0x00007fff50988000],  sp=0x00007fff50982960,  free space=8170k
Native frames: (J=compiled Java code, A=aot compiled Java code, j=interpreted, Vv=VM code, C=native code)
C  [libobjc.A.dylib+0xbd08]  objc_storeWeak+0x16e
C  [Foundation+0x17d5f]  -[NSConcreteMapTable setObject:forKey:]+0x6a
C  [AppKit+0x3226fb]  -[NSView(NSOpenGLContextAssociation) _setOpenGLContext:]+0x9b
C  [AppKit+0x6efc73]  __27-[NSOpenGLContext setView:]_block_invoke+0xef
C  [AppKit+0x179d48]  NSPerformVisuallyAtomicChange+0x93
C  [AppKit+0x322538]  -[NSOpenGLContext setView:]+0x69
C  [liblwjgl.dylib+0xa586]  -[MacOSXOpenGLView lockFocus]+0x76
C  [AppKit+0x19ce7b]  -[NSView _recursiveDisplayRectIfNeededIgnoringOpacity:isVisibleRect:rectIsVisibleRectForView:topView:]+0x6ee
C  [AppKit+0x19d6d1]  -[NSView _recursiveDisplayRectIfNeededIgnoringOpacity:isVisibleRect:rectIsVisibleRectForView:topView:]+0xf44
C  [AppKit+0x19c2af]  -[NSThemeFrame _recursiveDisplayRectIfNeededIgnoringOpacity:isVisibleRect:rectIsVisibleRectForView:topView:]+0x14e
C  [AppKit+0x19a6d8]  -[NSView _displayRectIgnoringOpacity:isVisibleRect:rectIsVisibleRectForView:]+0x994
C  [AppKit+0x195fca]  -[NSView displayIfNeeded]+0x6d4
C  [AppKit+0x1958db]  -[NSWindow displayIfNeeded]+0xe6
C  [AppKit+0x8f5cb4]  ___NSWindowGetDisplayCycleObserver_block_invoke.6228+0x115
C  [AppKit+0x1953b9]  __37+[NSDisplayCycle currentDisplayCycle]_block_invoke+0x1c6
C  [QuartzCore+0x11da6]  CA::Transaction::run_commit_handlers(CATransactionPhase)+0x2e
C  [QuartzCore+0x11b8d8]  CA::Context::commit_transaction(CA::Transaction*)+0xa0
C  [QuartzCore+0x10881]  CA::Transaction::commit()+0x1db
C  [AppKit+0x4788b1]  __37+[NSDisplayCycle currentDisplayCycle]_block_invoke.31+0x143
C  [CoreFoundation+0xa6d37]  __CFRUNLOOP_IS_CALLING_OUT_TO_AN_OBSERVER_CALLBACK_FUNCTION__+0x17
C  [CoreFoundation+0xa6ca7]  __CFRunLoopDoObservers+0x187
C  [CoreFoundation+0x876d9]  __CFRunLoopRun+0x369
C  [CoreFoundation+0x87114]  CFRunLoopRunSpecific+0x1a4
C  [HIToolbox+0x30ebc]  RunCurrentEventLoopInMode+0xf0
C  [HIToolbox+0x30bf9]  ReceiveNextEventCommon+0xb8
C  [HIToolbox+0x30b26]  _BlockUntilNextEventMatchingListInModeWithFilter+0x47
C  [AppKit+0x46a54]  _DPSNextEvent+0x460
C  [AppKit+0x7c27ee]  -[NSApplication(NSEvent) _nextEventMatchingEventMask:untilDate:inMode:dequeue:]+0xaec
C  [libosxapp.dylib+0x1f3d]  -[NSApplicationAWT nextEventMatchingMask:untilDate:inMode:dequeue:]+0x7a
C  [AppKit+0x3b3db]  -[NSApplication run]+0x39e
C  [libosxapp.dylib+0x1d3a]  +[NSApplicationAWT runAWTLoopWithApp:]+0x9d
C  [libawt_lwawt.dylib+0x3a544]  +[AWTStarter starter:headless:]+0x342
C  [JavaNativeFoundation+0x6f3a]  +[JNFRunLoop _performCopiedBlock:]+0x11
C  [Foundation+0x717ba]  __NSThreadPerformPerform+0x146
C  [CoreFoundation+0xa7321]  __CFRUNLOOP_IS_CALLING_OUT_TO_A_SOURCE0_PERFORM_FUNCTION__+0x11
C  [CoreFoundation+0x8821d]  __CFRunLoopDoSources0+0x22d
C  [CoreFoundation+0x87716]  __CFRunLoopRun+0x3a6
C  [CoreFoundation+0x87114]  CFRunLoopRunSpecific+0x1a4
C  [java+0x6b2e]  CreateExecutionEnvironment+0x35c
C  [java+0x2c65]  JLI_Launch+0x5a9
C  [java+0x1b62]  main+0x186
C  [java+0x19d4]  start+0x34
C  0x0000000000000006


siginfo: si_signo: 11 (SIGSEGV), si_code: 1 (SEGV_MAPERR), si_addr: 0x0000000000000000

Register to memory mapping:

RAX=0x00007fac48001800 is a thread
RBX=0x00007fffce7bb480: _ZN12_GLOBAL__N_1L12SideTableBufE+0 in /usr/lib/libobjc.A.dylib at 0x00007fffc5003000
RCX=0x0000000000000000 is an unknown value
RDX=0x00007ffffffffff8 is an unknown value
RSP=0x00007fff50982960 is pointing into the stack for thread: 0x00007fac488d8000
RBP=0x00007fff509829e0 is pointing into the stack for thread: 0x00007fac488d8000
RSI=0x00007fac48001800 is a thread
RDI=0x00007fffce7bb480: _ZN12_GLOBAL__N_1L12SideTableBufE+0 in /usr/lib/libobjc.A.dylib at 0x00007fffc5003000
R8 =0x000000000000003f is an unknown value
R9 =0x00007fac474bb780 is an unknown value
R10=0x0000000000000035 is an unknown value
R11=0x00007fac47b6ed50 is an unknown value
R12=0x00007fffce7bbe80: _ZN12_GLOBAL__N_1L12SideTableBufE+0xa00 in /usr/lib/libobjc.A.dylib at 0x00007fffc5003000
R13=0x0000000000000000 is an unknown value
R14=0x00007fac47585000 is an unknown value
R15=0x0000000000000000 is an unknown value


Registers:
RAX=0x00007fac48001800, RBX=0x00007fffce7bb480, RCX=0x0000000000000000, RDX=0x00007ffffffffff8
RSP=0x00007fff50982960, RBP=0x00007fff509829e0, RSI=0x00007fac48001800, RDI=0x00007fffce7bb480
R8 =0x000000000000003f, R9 =0x00007fac474bb780, R10=0x0000000000000035, R11=0x00007fac47b6ed50
R12=0x00007fffce7bbe80, R13=0x0000000000000000, R14=0x00007fac47585000, R15=0x0000000000000000
RIP=0x00007fffc500ed08, EFLAGS=0x0000000000010206, ERR=0x0000000000000004
  TRAPNO=0x000000000000000e

Top of Stack: (sp=0x00007fff50982960)
0x00007fff50982960:   0000000000000000 00007fac475a3440
0x00007fff50982970:   ffff8053b8b44880 0000000000000a00
0x00007fff50982980:   00007fffce705630 0000000000000000
0x00007fff50982990:   00007fffce7bbe80 00007fac47585000
0x00007fff509829a0:   0000000000000000 00007fac475a34c0
0x00007fff509829b0:   000000000000000a 00007fac474bb780
0x00007fff509829c0:   0000000000000000 00007fac474bb780
0x00007fff509829d0:   00007fac475a32d0 00007fac47585000
0x00007fff509829e0:   00007fff50982a20 00007fffb1b6ad5f
0x00007fff509829f0:   00007fff50982a20 0000000000000000
0x00007fff50982a00:   00007fac47585000 00007fffae8a0006
0x00007fff50982a10:   00007fac474bb780 00007fffc500a040
0x00007fff50982a20:   00007fff50982a50 00007fffadf386fb
0x00007fff50982a30:   00007fffc500a040 00007fff50982ad8
0x00007fff50982a40:   00007fffae8e3759 00007fffc500a040
0x00007fff50982a50:   00007fff50982a90 00007fffae305c73
0x00007fff50982a60:   0000000000000000 0000000000000000
0x00007fff50982a70:   0000000000000094 00007fffae8c617f
0x00007fff50982a80:   00007fff50982ad8 0000000000000001
0x00007fff50982a90:   00007fff50982ac0 00007fffadd8fd48
0x00007fff50982aa0:   0000000000000000 00007fac47585000
0x00007fff50982ab0:   00007fac474bb780 0000000000000000
0x00007fff50982ac0:   00007fff50982b20 00007fffadf38538
0x00007fff50982ad0:   0000000000000000 00007fffce856060
0x00007fff50982ae0:   00000000c2000000 00007fffae305b84
0x00007fff50982af0:   00007fffca919cf0 0000000000000000
0x00007fff50982b00:   00007fac47585000 00007fac474bb780
0x00007fff50982b10:   00007fac474bb780 00007fac47585000
0x00007fff50982b20:   00007fff50982b50 0000000137c31586
0x00007fff50982b30:   00007fac474bb780 0000000137c65c60
0x00007fff50982b40:   00007fac47402590 00007fac47402590
0x00007fff50982b50:   00007fff509830c0 00007fffaddb2e7b 

Instructions: (pc=0x00007fffc500ed08)
0x00007fffc500ece8:   eb 07 48 8b 45 a0 48 8b 30 48 8b 45 c0 48 39 c6
0x00007fffc500ecf8:   74 2a 48 8b 46 20 48 89 c1 48 21 d1 48 8b 49 08
0x00007fffc500ed08:   f6 01 01 75 0a 48 8b 06 48 21 d0 48 8b 40 20 48
0x00007fffc500ed18:   21 d0 f6 40 03 20 0f 84 f8 fe ff ff 49 c1 e5 06 


---------------  P R O C E S S  ---------------

Java Threads: ( => current thread )
  0x00007fac48c9b800 JavaThread "AWT-Shutdown" [_thread_blocked, id=5167, stack(0x000070000438e000,0x000070000448e000)]
=>0x00007fac488d8000 JavaThread "AppKit Thread" daemon [_thread_in_native, id=775, stack(0x00007fff50188000,0x00007fff50988000)]
  0x00007fac4787f800 JavaThread "Service Thread" daemon [_thread_blocked, id=24835, stack(0x0000700005a56000,0x0000700005b56000)]
  0x00007fac48076000 JavaThread "Common-Cleaner" daemon [_thread_blocked, id=24323, stack(0x0000700005953000,0x0000700005a53000)]
  0x00007fac4806b800 JavaThread "Sweeper thread" daemon [_thread_blocked, id=23811, stack(0x0000700005850000,0x0000700005950000)]
  0x00007fac4806a800 JavaThread "C1 CompilerThread2" daemon [_thread_blocked, id=23299, stack(0x000070000574d000,0x000070000584d000)]
  0x00007fac4901e800 JavaThread "C2 CompilerThread1" daemon [_thread_blocked, id=22787, stack(0x000070000564a000,0x000070000574a000)]
  0x00007fac48069800 JavaThread "C2 CompilerThread0" daemon [_thread_blocked, id=22275, stack(0x0000700005547000,0x0000700005647000)]
  0x00007fac47803800 JavaThread "Signal Dispatcher" daemon [_thread_blocked, id=21763, stack(0x0000700005444000,0x0000700005544000)]
  0x00007fac48061000 JavaThread "Finalizer" daemon [_thread_blocked, id=17667, stack(0x0000700005341000,0x0000700005441000)]
  0x00007fac49019800 JavaThread "Reference Handler" daemon [_thread_blocked, id=17155, stack(0x000070000523e000,0x000070000533e000)]
  0x00007fac48001800 JavaThread "main" [_thread_in_native, id=7427, stack(0x0000700004517000,0x0000700004617000)]

Other Threads:
  0x00007fac48054000 VMThread "VM Thread" [stack: 0x000070000513b000,0x000070000523b000] [id=16643]
  0x00007fac480ea000 WatcherThread [stack: 0x0000700005b59000,0x0000700005c59000] [id=25347]
  0x00007fac47811000 GCTaskThread "GC Thread#0" [stack: 0x000070000461a000,0x000070000471a000] [id=10499]
  0x00007fac47811800 GCTaskThread "GC Thread#1" [stack: 0x000070000471d000,0x000070000481d000] [id=11011]
  0x00007fac47812800 GCTaskThread "GC Thread#2" [stack: 0x0000700004820000,0x0000700004920000] [id=11523]
  0x00007fac47813000 GCTaskThread "GC Thread#3" [stack: 0x0000700004923000,0x0000700004a23000] [id=12035]
  0x00007fac48031800 ConcurrentGCThread "G1 Main Marker" [stack: 0x0000700004f35000,0x0000700005035000] [id=15107]
  0x00007fac48807000 ConcurrentGCThread "G1 Marker#0" [stack: 0x0000700005038000,0x0000700005138000] [id=16131]
  0x00007fac4800c000 ConcurrentGCThread "G1 Refine#0" [stack: 0x0000700004d2f000,0x0000700004e2f000] [id=14083]
  0x00007fac4800b000 ConcurrentGCThread "G1 Refine#1" [stack: 0x0000700004c2c000,0x0000700004d2c000] [id=13571]
  0x00007fac49000000 ConcurrentGCThread "G1 Refine#2" [stack: 0x0000700004b29000,0x0000700004c29000] [id=13059]
  0x00007fac47813800 ConcurrentGCThread "G1 Refine#3" [stack: 0x0000700004a26000,0x0000700004b26000] [id=12547]
  0x00007fac4800c800 ConcurrentGCThread "G1 Young RemSet Sampling" [stack: 0x0000700004e32000,0x0000700004f32000] [id=14595]

Threads with active compile tasks:

VM state:not at safepoint (normal execution)

VM Mutex/Monitor currently owned by a thread: None

Heap address: 0x0000000740000000, size: 2048 MB, Compressed Oops mode: Zero based, Oop shift amount: 3
Narrow klass base: 0x0000000000000000, Narrow klass shift: 3
Compressed class space size: 1073741824 Address: 0x00000007c0000000

Heap:
 garbage-first heap   total 131072K, used 13453K [0x0000000740000000, 0x0000000740100400, 0x00000007c0000000)
  region size 1024K, 9 young (9216K), 1 survivors (1024K)
 Metaspace       used 10835K, capacity 11165K, committed 11264K, reserved 1058816K
  class space    used 932K, capacity 1008K, committed 1024K, reserved 1048576K
Heap Regions: E=young(eden), S=young(survivor), O=old, HS=humongous(starts), HC=humongous(continues), CS=collection set, F=free, A=archive, TS=gc time stamp, AC=allocation context, TAMS=top-at-mark-start (previous, next)
|   0|0x0000000740000000, 0x0000000740100000, 0x0000000740100000|100%| O|  |TS  1|AC  0|TAMS 0x0000000740000000, 0x0000000740000000|
|   1|0x0000000740100000, 0x0000000740200000, 0x0000000740200000|100%| O|  |TS  1|AC  0|TAMS 0x0000000740100000, 0x0000000740100000|
|   2|0x0000000740200000, 0x0000000740300000, 0x0000000740300000|100%| O|  |TS  1|AC  0|TAMS 0x0000000740200000, 0x0000000740200000|
|   3|0x0000000740300000, 0x0000000740400000, 0x0000000740400000|100%| O|  |TS  3|AC  0|TAMS 0x0000000740300000, 0x0000000740300000|
|   4|0x0000000740400000, 0x0000000740500000, 0x0000000740500000|100%| O|  |TS  3|AC  0|TAMS 0x0000000740400000, 0x0000000740400000|
|   5|0x0000000740500000, 0x0000000740600000, 0x0000000740600000|100%| O|  |TS  3|AC  0|TAMS 0x0000000740500000, 0x0000000740500000|
|   6|0x0000000740600000, 0x0000000740600000, 0x0000000740700000|  0%| F|  |TS  0|AC  0|TAMS 0x0000000740600000, 0x0000000740600000|
|   7|0x0000000740700000, 0x0000000740700000, 0x0000000740800000|  0%| F|  |TS  0|AC  0|TAMS 0x0000000740700000, 0x0000000740700000|
|   8|0x0000000740800000, 0x0000000740800000, 0x0000000740900000|  0%| F|  |TS  0|AC  0|TAMS 0x0000000740800000, 0x0000000740800000|
|   9|0x0000000740900000, 0x0000000740900000, 0x0000000740a00000|  0%| F|  |TS  0|AC  0|TAMS 0x0000000740900000, 0x0000000740900000|
|  10|0x0000000740a00000, 0x0000000740a00000, 0x0000000740b00000|  0%| F|  |TS  0|AC  0|TAMS 0x0000000740a00000, 0x0000000740a00000|
|  11|0x0000000740b00000, 0x0000000740b00000, 0x0000000740c00000|  0%| F|  |TS  0|AC  0|TAMS 0x0000000740b00000, 0x0000000740b00000|
|  12|0x0000000740c00000, 0x0000000740c00000, 0x0000000740d00000|  0%| F|  |TS  0|AC  0|TAMS 0x0000000740c00000, 0x0000000740c00000|
|  13|0x0000000740d00000, 0x0000000740d00000, 0x0000000740e00000|  0%| F|  |TS  0|AC  0|TAMS 0x0000000740d00000, 0x0000000740d00000|
|  14|0x0000000740e00000, 0x0000000740e00000, 0x0000000740f00000|  0%| F|  |TS  0|AC  0|TAMS 0x0000000740e00000, 0x0000000740e00000|
|  15|0x0000000740f00000, 0x0000000740f00000, 0x0000000741000000|  0%| F|  |TS  0|AC  0|TAMS 0x0000000740f00000, 0x0000000740f00000|
|  16|0x0000000741000000, 0x0000000741000000, 0x0000000741100000|  0%| F|  |TS  0|AC  0|TAMS 0x0000000741000000, 0x0000000741000000|
|  17|0x0000000741100000, 0x0000000741100000, 0x0000000741200000|  0%| F|  |TS  0|AC  0|TAMS 0x0000000741100000, 0x0000000741100000|
|  18|0x0000000741200000, 0x0000000741200000, 0x0000000741300000|  0%| F|  |TS  0|AC  0|TAMS 0x0000000741200000, 0x0000000741200000|
|  19|0x0000000741300000, 0x0000000741300000, 0x0000000741400000|  0%| F|  |TS  0|AC  0|TAMS 0x0000000741300000, 0x0000000741300000|
|  20|0x0000000741400000, 0x0000000741400000, 0x0000000741500000|  0%| F|  |TS  0|AC  0|TAMS 0x0000000741400000, 0x0000000741400000|
|  21|0x0000000741500000, 0x0000000741500000, 0x0000000741600000|  0%| F|  |TS  0|AC  0|TAMS 0x0000000741500000, 0x0000000741500000|
|  22|0x0000000741600000, 0x0000000741600000, 0x0000000741700000|  0%| F|  |TS  0|AC  0|TAMS 0x0000000741600000, 0x0000000741600000|
|  23|0x0000000741700000, 0x0000000741700000, 0x0000000741800000|  0%| F|  |TS  0|AC  0|TAMS 0x0000000741700000, 0x0000000741700000|
|  24|0x0000000741800000, 0x0000000741800000, 0x0000000741900000|  0%| F|  |TS  0|AC  0|TAMS 0x0000000741800000, 0x0000000741800000|
|  25|0x0000000741900000, 0x0000000741900000, 0x0000000741a00000|  0%| F|  |TS  0|AC  0|TAMS 0x0000000741900000, 0x0000000741900000|
|  26|0x0000000741a00000, 0x0000000741a00000, 0x0000000741b00000|  0%| F|  |TS  0|AC  0|TAMS 0x0000000741a00000, 0x0000000741a00000|
|  27|0x0000000741b00000, 0x0000000741b00000, 0x0000000741c00000|  0%| F|  |TS  0|AC  0|TAMS 0x0000000741b00000, 0x0000000741b00000|
|  28|0x0000000741c00000, 0x0000000741c00000, 0x0000000741d00000|  0%| F|  |TS  0|AC  0|TAMS 0x0000000741c00000, 0x0000000741c00000|
|  29|0x0000000741d00000, 0x0000000741d00000, 0x0000000741e00000|  0%| F|  |TS  0|AC  0|TAMS 0x0000000741d00000, 0x0000000741d00000|
|  30|0x0000000741e00000, 0x0000000741e00000, 0x0000000741f00000|  0%| F|  |TS  0|AC  0|TAMS 0x0000000741e00000, 0x0000000741e00000|
|  31|0x0000000741f00000, 0x0000000741f00000, 0x0000000742000000|  0%| F|  |TS  0|AC  0|TAMS 0x0000000741f00000, 0x0000000741f00000|
|  32|0x0000000742000000, 0x0000000742000000, 0x0000000742100000|  0%| F|  |TS  0|AC  0|TAMS 0x0000000742000000, 0x0000000742000000|
|  33|0x0000000742100000, 0x0000000742100000, 0x0000000742200000|  0%| F|  |TS  0|AC  0|TAMS 0x0000000742100000, 0x0000000742100000|
|  34|0x0000000742200000, 0x0000000742200000, 0x0000000742300000|  0%| F|  |TS  0|AC  0|TAMS 0x0000000742200000, 0x0000000742200000|
|  35|0x0000000742300000, 0x0000000742300000, 0x0000000742400000|  0%| F|  |TS  0|AC  0|TAMS 0x0000000742300000, 0x0000000742300000|
|  36|0x0000000742400000, 0x0000000742400000, 0x0000000742500000|  0%| F|  |TS  0|AC  0|TAMS 0x0000000742400000, 0x0000000742400000|
|  37|0x0000000742500000, 0x0000000742500000, 0x0000000742600000|  0%| F|  |TS  0|AC  0|TAMS 0x0000000742500000, 0x0000000742500000|
|  38|0x0000000742600000, 0x0000000742600000, 0x0000000742700000|  0%| F|  |TS  0|AC  0|TAMS 0x0000000742600000, 0x0000000742600000|
|  39|0x0000000742700000, 0x0000000742700000, 0x0000000742800000|  0%| F|  |TS  0|AC  0|TAMS 0x0000000742700000, 0x0000000742700000|
|  40|0x0000000742800000, 0x0000000742800000, 0x0000000742900000|  0%| F|  |TS  0|AC  0|TAMS 0x0000000742800000, 0x0000000742800000|
|  41|0x0000000742900000, 0x0000000742900000, 0x0000000742a00000|  0%| F|  |TS  0|AC  0|TAMS 0x0000000742900000, 0x0000000742900000|
|  42|0x0000000742a00000, 0x0000000742a00000, 0x0000000742b00000|  0%| F|  |TS  0|AC  0|TAMS 0x0000000742a00000, 0x0000000742a00000|
|  43|0x0000000742b00000, 0x0000000742b00000, 0x0000000742c00000|  0%| F|  |TS  0|AC  0|TAMS 0x0000000742b00000, 0x0000000742b00000|
|  44|0x0000000742c00000, 0x0000000742c00000, 0x0000000742d00000|  0%| F|  |TS  0|AC  0|TAMS 0x0000000742c00000, 0x0000000742c00000|
|  45|0x0000000742d00000, 0x0000000742d00000, 0x0000000742e00000|  0%| F|  |TS  0|AC  0|TAMS 0x0000000742d00000, 0x0000000742d00000|
|  46|0x0000000742e00000, 0x0000000742e00000, 0x0000000742f00000|  0%| F|  |TS  0|AC  0|TAMS 0x0000000742e00000, 0x0000000742e00000|
|  47|0x0000000742f00000, 0x0000000742f00000, 0x0000000743000000|  0%| F|  |TS  0|AC  0|TAMS 0x0000000742f00000, 0x0000000742f00000|
|  48|0x0000000743000000, 0x0000000743000000, 0x0000000743100000|  0%| F|  |TS  0|AC  0|TAMS 0x0000000743000000, 0x0000000743000000|
|  49|0x0000000743100000, 0x0000000743100000, 0x0000000743200000|  0%| F|  |TS  0|AC  0|TAMS 0x0000000743100000, 0x0000000743100000|
|  50|0x0000000743200000, 0x0000000743200000, 0x0000000743300000|  0%| F|  |TS  0|AC  0|TAMS 0x0000000743200000, 0x0000000743200000|
|  51|0x0000000743300000, 0x0000000743300000, 0x0000000743400000|  0%| F|  |TS  0|AC  0|TAMS 0x0000000743300000, 0x0000000743300000|
|  52|0x0000000743400000, 0x0000000743400000, 0x0000000743500000|  0%| F|  |TS  0|AC  0|TAMS 0x0000000743400000, 0x0000000743400000|
|  53|0x0000000743500000, 0x0000000743500000, 0x0000000743600000|  0%| F|  |TS  0|AC  0|TAMS 0x0000000743500000, 0x0000000743500000|
|  54|0x0000000743600000, 0x0000000743600000, 0x0000000743700000|  0%| F|  |TS  0|AC  0|TAMS 0x0000000743600000, 0x0000000743600000|
|  55|0x0000000743700000, 0x0000000743700000, 0x0000000743800000|  0%| F|  |TS  0|AC  0|TAMS 0x0000000743700000, 0x0000000743700000|
|  56|0x0000000743800000, 0x0000000743800000, 0x0000000743900000|  0%| F|  |TS  0|AC  0|TAMS 0x0000000743800000, 0x0000000743800000|
|  57|0x0000000743900000, 0x0000000743900000, 0x0000000743a00000|  0%| F|  |TS  0|AC  0|TAMS 0x0000000743900000, 0x0000000743900000|
|  58|0x0000000743a00000, 0x0000000743a00000, 0x0000000743b00000|  0%| F|  |TS  0|AC  0|TAMS 0x0000000743a00000, 0x0000000743a00000|
|  59|0x0000000743b00000, 0x0000000743b00000, 0x0000000743c00000|  0%| F|  |TS  0|AC  0|TAMS 0x0000000743b00000, 0x0000000743b00000|
|  60|0x0000000743c00000, 0x0000000743c00000, 0x0000000743d00000|  0%| F|  |TS  0|AC  0|TAMS 0x0000000743c00000, 0x0000000743c00000|
|  61|0x0000000743d00000, 0x0000000743d00000, 0x0000000743e00000|  0%| F|  |TS  0|AC  0|TAMS 0x0000000743d00000, 0x0000000743d00000|
|  62|0x0000000743e00000, 0x0000000743e00000, 0x0000000743f00000|  0%| F|  |TS  0|AC  0|TAMS 0x0000000743e00000, 0x0000000743e00000|
|  63|0x0000000743f00000, 0x0000000743f00000, 0x0000000744000000|  0%| F|  |TS  0|AC  0|TAMS 0x0000000743f00000, 0x0000000743f00000|
|  64|0x0000000744000000, 0x0000000744000000, 0x0000000744100000|  0%| F|  |TS  0|AC  0|TAMS 0x0000000744000000, 0x0000000744000000|
|  65|0x0000000744100000, 0x0000000744100000, 0x0000000744200000|  0%| F|  |TS  0|AC  0|TAMS 0x0000000744100000, 0x0000000744100000|
|  66|0x0000000744200000, 0x0000000744200000, 0x0000000744300000|  0%| F|  |TS  0|AC  0|TAMS 0x0000000744200000, 0x0000000744200000|
|  67|0x0000000744300000, 0x0000000744300000, 0x0000000744400000|  0%| F|  |TS  0|AC  0|TAMS 0x0000000744300000, 0x0000000744300000|
|  68|0x0000000744400000, 0x0000000744400000, 0x0000000744500000|  0%| F|  |TS  0|AC  0|TAMS 0x0000000744400000, 0x0000000744400000|
|  69|0x0000000744500000, 0x0000000744500000, 0x0000000744600000|  0%| F|  |TS  0|AC  0|TAMS 0x0000000744500000, 0x0000000744500000|
|  70|0x0000000744600000, 0x0000000744600000, 0x0000000744700000|  0%| F|  |TS  0|AC  0|TAMS 0x0000000744600000, 0x0000000744600000|
|  71|0x0000000744700000, 0x0000000744700000, 0x0000000744800000|  0%| F|  |TS  0|AC  0|TAMS 0x0000000744700000, 0x0000000744700000|
|  72|0x0000000744800000, 0x0000000744800000, 0x0000000744900000|  0%| F|  |TS  0|AC  0|TAMS 0x0000000744800000, 0x0000000744800000|
|  73|0x0000000744900000, 0x0000000744900000, 0x0000000744a00000|  0%| F|  |TS  0|AC  0|TAMS 0x0000000744900000, 0x0000000744900000|
|  74|0x0000000744a00000, 0x0000000744a00000, 0x0000000744b00000|  0%| F|  |TS  0|AC  0|TAMS 0x0000000744a00000, 0x0000000744a00000|
|  75|0x0000000744b00000, 0x0000000744b00000, 0x0000000744c00000|  0%| F|  |TS  0|AC  0|TAMS 0x0000000744b00000, 0x0000000744b00000|
|  76|0x0000000744c00000, 0x0000000744c00000, 0x0000000744d00000|  0%| F|  |TS  0|AC  0|TAMS 0x0000000744c00000, 0x0000000744c00000|
|  77|0x0000000744d00000, 0x0000000744d00000, 0x0000000744e00000|  0%| F|  |TS  0|AC  0|TAMS 0x0000000744d00000, 0x0000000744d00000|
|  78|0x0000000744e00000, 0x0000000744e00000, 0x0000000744f00000|  0%| F|  |TS  0|AC  0|TAMS 0x0000000744e00000, 0x0000000744e00000|
|  79|0x0000000744f00000, 0x0000000744f00000, 0x0000000745000000|  0%| F|  |TS  0|AC  0|TAMS 0x0000000744f00000, 0x0000000744f00000|
|  80|0x0000000745000000, 0x0000000745000000, 0x0000000745100000|  0%| F|  |TS  0|AC  0|TAMS 0x0000000745000000, 0x0000000745000000|
|  81|0x0000000745100000, 0x0000000745100000, 0x0000000745200000|  0%| F|  |TS  0|AC  0|TAMS 0x0000000745100000, 0x0000000745100000|
|  82|0x0000000745200000, 0x0000000745200000, 0x0000000745300000|  0%| F|  |TS  0|AC  0|TAMS 0x0000000745200000, 0x0000000745200000|
|  83|0x0000000745300000, 0x0000000745300000, 0x0000000745400000|  0%| F|  |TS  0|AC  0|TAMS 0x0000000745300000, 0x0000000745300000|
|  84|0x0000000745400000, 0x0000000745400000, 0x0000000745500000|  0%| F|  |TS  0|AC  0|TAMS 0x0000000745400000, 0x0000000745400000|
|  85|0x0000000745500000, 0x0000000745500000, 0x0000000745600000|  0%| F|  |TS  0|AC  0|TAMS 0x0000000745500000, 0x0000000745500000|
|  86|0x0000000745600000, 0x0000000745600000, 0x0000000745700000|  0%| F|  |TS  0|AC  0|TAMS 0x0000000745600000, 0x0000000745600000|
|  87|0x0000000745700000, 0x0000000745700000, 0x0000000745800000|  0%| F|  |TS  0|AC  0|TAMS 0x0000000745700000, 0x0000000745700000|
|  88|0x0000000745800000, 0x0000000745800000, 0x0000000745900000|  0%| F|  |TS  0|AC  0|TAMS 0x0000000745800000, 0x0000000745800000|
|  89|0x0000000745900000, 0x0000000745900000, 0x0000000745a00000|  0%| F|  |TS  0|AC  0|TAMS 0x0000000745900000, 0x0000000745900000|
|  90|0x0000000745a00000, 0x0000000745a00000, 0x0000000745b00000|  0%| F|  |TS  0|AC  0|TAMS 0x0000000745a00000, 0x0000000745a00000|
|  91|0x0000000745b00000, 0x0000000745b00000, 0x0000000745c00000|  0%| F|  |TS  0|AC  0|TAMS 0x0000000745b00000, 0x0000000745b00000|
|  92|0x0000000745c00000, 0x0000000745c00000, 0x0000000745d00000|  0%| F|  |TS  0|AC  0|TAMS 0x0000000745c00000, 0x0000000745c00000|
|  93|0x0000000745d00000, 0x0000000745d00000, 0x0000000745e00000|  0%| F|  |TS  0|AC  0|TAMS 0x0000000745d00000, 0x0000000745d00000|
|  94|0x0000000745e00000, 0x0000000745e00000, 0x0000000745f00000|  0%| F|  |TS  0|AC  0|TAMS 0x0000000745e00000, 0x0000000745e00000|
|  95|0x0000000745f00000, 0x0000000745f00000, 0x0000000746000000|  0%| F|  |TS  0|AC  0|TAMS 0x0000000745f00000, 0x0000000745f00000|
|  96|0x0000000746000000, 0x0000000746000000, 0x0000000746100000|  0%| F|  |TS  0|AC  0|TAMS 0x0000000746000000, 0x0000000746000000|
|  97|0x0000000746100000, 0x0000000746100000, 0x0000000746200000|  0%| F|  |TS  0|AC  0|TAMS 0x0000000746100000, 0x0000000746100000|
|  98|0x0000000746200000, 0x0000000746200000, 0x0000000746300000|  0%| F|  |TS  0|AC  0|TAMS 0x0000000746200000, 0x0000000746200000|
|  99|0x0000000746300000, 0x0000000746300000, 0x0000000746400000|  0%| F|  |TS  0|AC  0|TAMS 0x0000000746300000, 0x0000000746300000|
| 100|0x0000000746400000, 0x0000000746400000, 0x0000000746500000|  0%| F|  |TS  0|AC  0|TAMS 0x0000000746400000, 0x0000000746400000|
| 101|0x0000000746500000, 0x0000000746523400, 0x0000000746600000| 13%| S|CS|TS  5|AC  0|TAMS 0x0000000746500000, 0x0000000746500000|
| 102|0x0000000746600000, 0x0000000746600000, 0x0000000746700000|  0%| F|  |TS  5|AC  0|TAMS 0x0000000746600000, 0x0000000746600000|
| 103|0x0000000746700000, 0x0000000746700000, 0x0000000746800000|  0%| F|  |TS  5|AC  0|TAMS 0x0000000746700000, 0x0000000746700000|
| 104|0x0000000746800000, 0x0000000746800000, 0x0000000746900000|  0%| F|  |TS  5|AC  0|TAMS 0x0000000746800000, 0x0000000746800000|
| 105|0x0000000746900000, 0x0000000746900000, 0x0000000746a00000|  0%| F|  |TS  5|AC  0|TAMS 0x0000000746900000, 0x0000000746900000|
| 106|0x0000000746a00000, 0x0000000746a00000, 0x0000000746b00000|  0%| F|  |TS  5|AC  0|TAMS 0x0000000746a00000, 0x0000000746a00000|
| 107|0x0000000746b00000, 0x0000000746b00000, 0x0000000746c00000|  0%| F|  |TS  5|AC  0|TAMS 0x0000000746b00000, 0x0000000746b00000|
| 108|0x0000000746c00000, 0x0000000746c00000, 0x0000000746d00000|  0%| F|  |TS  5|AC  0|TAMS 0x0000000746c00000, 0x0000000746c00000|
| 109|0x0000000746d00000, 0x0000000746d00000, 0x0000000746e00000|  0%| F|  |TS  5|AC  0|TAMS 0x0000000746d00000, 0x0000000746d00000|
| 110|0x0000000746e00000, 0x0000000746e00000, 0x0000000746f00000|  0%| F|  |TS  5|AC  0|TAMS 0x0000000746e00000, 0x0000000746e00000|
| 111|0x0000000746f00000, 0x0000000746f00000, 0x0000000747000000|  0%| F|  |TS  5|AC  0|TAMS 0x0000000746f00000, 0x0000000746f00000|
| 112|0x0000000747000000, 0x0000000747000000, 0x0000000747100000|  0%| F|  |TS  5|AC  0|TAMS 0x0000000747000000, 0x0000000747000000|
| 113|0x0000000747100000, 0x0000000747100000, 0x0000000747200000|  0%| F|  |TS  5|AC  0|TAMS 0x0000000747100000, 0x0000000747100000|
| 114|0x0000000747200000, 0x0000000747200000, 0x0000000747300000|  0%| F|  |TS  5|AC  0|TAMS 0x0000000747200000, 0x0000000747200000|
| 115|0x0000000747300000, 0x0000000747300000, 0x0000000747400000|  0%| F|  |TS  5|AC  0|TAMS 0x0000000747300000, 0x0000000747300000|
| 116|0x0000000747400000, 0x0000000747400000, 0x0000000747500000|  0%| F|  |TS  5|AC  0|TAMS 0x0000000747400000, 0x0000000747400000|
| 117|0x0000000747500000, 0x0000000747500000, 0x0000000747600000|  0%| F|  |TS  5|AC  0|TAMS 0x0000000747500000, 0x0000000747500000|
| 118|0x0000000747600000, 0x0000000747600000, 0x0000000747700000|  0%| F|  |TS  5|AC  0|TAMS 0x0000000747600000, 0x0000000747600000|
| 119|0x0000000747700000, 0x0000000747700000, 0x0000000747800000|  0%| F|  |TS  5|AC  0|TAMS 0x0000000747700000, 0x0000000747700000|
| 120|0x0000000747800000, 0x0000000747880800, 0x0000000747900000| 50%| E|  |TS  5|AC  0|TAMS 0x0000000747800000, 0x0000000747800000|
| 121|0x0000000747900000, 0x0000000747a00000, 0x0000000747a00000|100%| E|CS|TS  5|AC  0|TAMS 0x0000000747900000, 0x0000000747900000|
| 122|0x0000000747a00000, 0x0000000747b00000, 0x0000000747b00000|100%| E|CS|TS  5|AC  0|TAMS 0x0000000747a00000, 0x0000000747a00000|
| 123|0x0000000747b00000, 0x0000000747c00000, 0x0000000747c00000|100%| E|CS|TS  5|AC  0|TAMS 0x0000000747b00000, 0x0000000747b00000|
| 124|0x0000000747c00000, 0x0000000747d00000, 0x0000000747d00000|100%| E|CS|TS  5|AC  0|TAMS 0x0000000747c00000, 0x0000000747c00000|
| 125|0x0000000747d00000, 0x0000000747e00000, 0x0000000747e00000|100%| E|CS|TS  5|AC  0|TAMS 0x0000000747d00000, 0x0000000747d00000|
| 126|0x0000000747e00000, 0x0000000747f00000, 0x0000000747f00000|100%| E|CS|TS  5|AC  0|TAMS 0x0000000747e00000, 0x0000000747e00000|
| 127|0x0000000747f00000, 0x0000000748000000, 0x0000000748000000|100%| E|CS|TS  5|AC  0|TAMS 0x0000000747f00000, 0x0000000747f00000|

Card table byte_map: [0x000000011bdc9000,0x000000011c1c9000] byte_map_base: 0x00000001183c9000

Marking Bits (Prev, Next): (CMBitMap*) 0x00007fac48030a70, (CMBitMap*) 0x00007fac48030aa8
 Prev Bits: [0x000000012b7db000, 0x000000012d7db000)
 Next Bits: [0x000000012d7db000, 0x000000012f7db000)

Polling page: 0x000000010f345000

CodeHeap 'non-profiled nmethods': size=120032Kb used=648Kb max_used=648Kb free=119384Kb
 bounds [0x00000001242a3000, 0x0000000124513000, 0x000000012b7db000]
CodeHeap 'profiled nmethods': size=120032Kb used=2938Kb max_used=2938Kb free=117094Kb
 bounds [0x000000011cd6b000, 0x000000011d04b000, 0x00000001242a3000]
CodeHeap 'non-nmethods': size=5696Kb used=1269Kb max_used=1290Kb free=4426Kb
 bounds [0x000000011c7db000, 0x000000011ca4b000, 0x000000011cd6b000]
 total_blobs=2305 nmethods=1418 adapters=393
 compilation: enabled

Compilation events (10 events):
Event: 69.443 Thread 0x00007fac4806a800 1414  s    3       org.lwjgl.opengl.EventQueue::putEvent (80 bytes)
Event: 69.444 Thread 0x00007fac4806a800 nmethod 1414 0x000000011d046690 code [0x000000011d046960, 0x000000011d047ca8]
Event: 69.454 Thread 0x00007fac4806a800 1415       3       java.nio.HeapByteBuffer::getLong (26 bytes)
Event: 69.455 Thread 0x00007fac4806a800 nmethod 1415 0x000000011d048190 code [0x000000011d048380, 0x000000011d0487f8]
Event: 69.455 Thread 0x00007fac4806a800 1416       3       jdk.internal.misc.Unsafe::getLongUnaligned (12 bytes)
Event: 69.455 Thread 0x00007fac4806a800 nmethod 1416 0x000000011d048990 code [0x000000011d048b60, 0x000000011d048da8]
Event: 69.455 Thread 0x00007fac4806a800 1417       3       jdk.internal.misc.Unsafe::getLongUnaligned (173 bytes)
Event: 69.456 Thread 0x00007fac4806a800 nmethod 1417 0x000000011d048e90 code [0x000000011d049080, 0x000000011d049698]
Event: 69.966 Thread 0x00007fac48069800 1418       4       java.lang.Class::getComponentType (14 bytes)
Event: 69.967 Thread 0x00007fac48069800 nmethod 1418 0x0000000124344d10 code [0x0000000124344ea0, 0x0000000124344f38]

GC Heap History (6 events):
Event: 1.460 GC heap before
{Heap before GC invocations=0 (full 0):
 garbage-first heap   total 131072K, used 14336K [0x0000000740000000, 0x0000000740100400, 0x00000007c0000000)
  region size 1024K, 14 young (14336K), 0 survivors (0K)
 Metaspace       used 10493K, capacity 10781K, committed 11008K, reserved 1058816K
  class space    used 923K, capacity 1008K, committed 1024K, reserved 1048576K
}
Event: 1.472 GC heap after
{Heap after GC invocations=1 (full 0):
 garbage-first heap   total 131072K, used 5890K [0x0000000740000000, 0x0000000740100400, 0x00000007c0000000)
  region size 1024K, 2 young (2048K), 2 survivors (2048K)
 Metaspace       used 10493K, capacity 10781K, committed 11008K, reserved 1058816K
  class space    used 923K, capacity 1008K, committed 1024K, reserved 1048576K
}
Event: 1.590 GC heap before
{Heap before GC invocations=1 (full 0):
 garbage-first heap   total 131072K, used 17154K [0x0000000740000000, 0x0000000740100400, 0x00000007c0000000)
  region size 1024K, 13 young (13312K), 2 survivors (2048K)
 Metaspace       used 10595K, capacity 10909K, committed 11008K, reserved 1058816K
  class space    used 928K, capacity 1008K, committed 1024K, reserved 1048576K
}
Event: 1.596 GC heap after
{Heap after GC invocations=2 (full 0):
 garbage-first heap   total 131072K, used 6496K [0x0000000740000000, 0x0000000740100400, 0x00000007c0000000)
  region size 1024K, 1 young (1024K), 1 survivors (1024K)
 Metaspace       used 10595K, capacity 10909K, committed 11008K, reserved 1058816K
  class space    used 928K, capacity 1008K, committed 1024K, reserved 1048576K
}
Event: 28.935 GC heap before
{Heap before GC invocations=2 (full 0):
 garbage-first heap   total 131072K, used 32096K [0x0000000740000000, 0x0000000740100400, 0x00000007c0000000)
  region size 1024K, 26 young (26624K), 1 survivors (1024K)
 Metaspace       used 10808K, capacity 11101K, committed 11264K, reserved 1058816K
  class space    used 932K, capacity 1008K, committed 1024K, reserved 1048576K
}
Event: 28.937 GC heap after
{Heap after GC invocations=3 (full 0):
 garbage-first heap   total 131072K, used 6285K [0x0000000740000000, 0x0000000740100400, 0x00000007c0000000)
  region size 1024K, 1 young (1024K), 1 survivors (1024K)
 Metaspace       used 10808K, capacity 11101K, committed 11264K, reserved 1058816K
  class space    used 932K, capacity 1008K, committed 1024K, reserved 1048576K
}

Deoptimization events (10 events):
Event: 30.717 Thread 0x00007fac48001800 Uncommon trap: reason=unstable_if action=reinterpret pc=0x00000001243379e4 method=java.lang.Math.max(FF)F @ 11 c2
Event: 30.721 Thread 0x00007fac48001800 Uncommon trap: reason=unstable_if action=reinterpret pc=0x0000000124334420 method=java.lang.Math.max(FF)F @ 11 c2
Event: 30.725 Thread 0x00007fac48001800 Uncommon trap: reason=unstable_if action=reinterpret pc=0x0000000124334c2c method=java.lang.Math.max(FF)F @ 11 c2
Event: 49.958 Thread 0x00007fac48001800 Uncommon trap: reason=unstable_if action=reinterpret pc=0x0000000124329578 method=Boss.contactSprite(LSprite;)V @ 4 c2
Event: 52.949 Thread 0x00007fac48001800 Uncommon trap: reason=unstable_if action=reinterpret pc=0x000000012432734c method=Boss.update(Lorg/newdawn/slick/Input;I)V @ 7 c2
Event: 63.504 Thread 0x00007fac48001800 Uncommon trap: reason=unstable_if action=reinterpret pc=0x00000001243431cc method=Player.contactSprite(LSprite;)V @ 73 c2
Event: 68.822 Thread 0x00007fac48001800 Uncommon trap: reason=unstable_if action=reinterpret pc=0x0000000124323f98 method=org.lwjgl.input.Mouse.next()Z @ 28 c2
Event: 69.880 Thread 0x00007fac48001800 Uncommon trap: reason=unstable_if action=reinterpret pc=0x0000000124320a4c method=org.lwjgl.opengl.MacOSXDisplay.update()V @ 86 c2
Event: 70.014 Thread 0x00007fac48001800 Uncommon trap: reason=unstable_if action=reinterpret pc=0x000000012431d4f4 method=org.lwjgl.opengl.MacOSXDisplay.update()V @ 86 c2
Event: 70.281 Thread 0x00007fac48001800 Uncommon trap: reason=unstable_if action=reinterpret pc=0x000000012432eefc method=org.newdawn.slick.AppGameContainer.gameLoop()V @ 60 c2

Classes redefined (0 events):
No events

Internal exceptions (10 events):
Event: 0.368 Thread 0x00007fac48001800 Exception <a 'java/lang/NoSuchMethodError'{0x0000000747cf2be8}: java.lang.invoke.DelegatingMethodHandle$Holder.reinvoke_L(Ljava/lang/Object;IILjava/lang/Object;Ljava/lang/Object;Ljava/lang/Object;)Ljava/lang/Object;> (0x0000000747cf2be8) thrown at [/scrat
Event: 0.369 Thread 0x00007fac48001800 Exception <a 'java/lang/NoSuchMethodError'{0x0000000747cf7720}: method resolution failed> (0x0000000747cf7720) thrown at [/scratch/mesos/slaves/450fa0f5-8733-43f8-b866-79fe3e86d200-S756/frameworks/1735e8a2-a1db-478c-8104-60c8b0af87dd-0196/executors/132405
Event: 0.372 Thread 0x00007fac48001800 Exception <a 'java/lang/NoSuchMethodError'{0x0000000747b0c410}: method resolution failed> (0x0000000747b0c410) thrown at [/scratch/mesos/slaves/450fa0f5-8733-43f8-b866-79fe3e86d200-S756/frameworks/1735e8a2-a1db-478c-8104-60c8b0af87dd-0196/executors/132405
Event: 0.375 Thread 0x00007fac48001800 Exception <a 'java/lang/NoSuchMethodError'{0x0000000747b217d8}: method resolution failed> (0x0000000747b217d8) thrown at [/scratch/mesos/slaves/450fa0f5-8733-43f8-b866-79fe3e86d200-S756/frameworks/1735e8a2-a1db-478c-8104-60c8b0af87dd-0196/executors/132405
Event: 0.380 Thread 0x00007fac48001800 Exception <a 'java/lang/NoSuchMethodError'{0x0000000747b38540}: method resolution failed> (0x0000000747b38540) thrown at [/scratch/mesos/slaves/450fa0f5-8733-43f8-b866-79fe3e86d200-S756/frameworks/1735e8a2-a1db-478c-8104-60c8b0af87dd-0196/executors/132405
Event: 0.385 Thread 0x00007fac48001800 Exception <a 'java/lang/NoSuchMethodError'{0x0000000747b50db0}: method resolution failed> (0x0000000747b50db0) thrown at [/scratch/mesos/slaves/450fa0f5-8733-43f8-b866-79fe3e86d200-S756/frameworks/1735e8a2-a1db-478c-8104-60c8b0af87dd-0196/executors/132405
Event: 0.387 Thread 0x00007fac48001800 Exception <a 'java/io/FileNotFoundException'{0x0000000747b5a558}> (0x0000000747b5a558) thrown at [/scratch/mesos/slaves/450fa0f5-8733-43f8-b866-79fe3e86d200-S756/frameworks/1735e8a2-a1db-478c-8104-60c8b0af87dd-0196/executors/132405fd-871a-46c3-bcb1-9693a1
Event: 0.394 Thread 0x00007fac48001800 Exception <a 'java/lang/ClassNotFoundException'{0x0000000747b5ee40}: sun/awt/resources/spi/awtosxProvider> (0x0000000747b5ee40) thrown at [/scratch/mesos/slaves/450fa0f5-8733-43f8-b866-79fe3e86d200-S756/frameworks/1735e8a2-a1db-478c-8104-60c8b0af87dd-0196
Event: 0.429 Thread 0x00007fac48001800 Exception <a 'java/lang/NoSuchMethodError'{0x0000000747bafcb0}: java.lang.invoke.DirectMethodHandle$Holder.invokeStatic(Ljava/lang/Object;Ljava/lang/Object;Ljava/lang/Object;Ljava/lang/Object;Ljava/lang/Object;Ljava/lang/Object;Ljava/lang/Object;Ljava/lan
Event: 0.432 Thread 0x00007fac48001800 Exception <a 'java/lang/NoSuchMethodError'{0x0000000747bca308}: java.lang.invoke.DirectMethodHandle$Holder.invokeStatic(Ljava/lang/Object;Ljava/lang/Object;Ljava/lang/Object;Ljava/lang/Object;Ljava/lang/Object;Ljava/lang/Object;Ljava/lang/Object;Ljava/lan

Events (10 events):
Event: 69.880 Thread 0x00007fac48001800 DEOPT PACKING pc=0x0000000124320a4c sp=0x0000700004616860
Event: 69.880 Thread 0x00007fac48001800 DEOPT UNPACKING pc=0x000000011c828c9f sp=0x0000700004616750 mode 2
Event: 70.014 Thread 0x00007fac48001800 Uncommon trap: trap_request=0xffffff5d fr.pc=0x000000012431d4f4 relative=0x0000000000001554
Event: 70.014 Thread 0x00007fac48001800 DEOPT PACKING pc=0x000000012431d4f4 sp=0x00007000046167c0
Event: 70.014 Thread 0x00007fac48001800 DEOPT UNPACKING pc=0x000000011c828c9f sp=0x0000700004616748 mode 2
Event: 70.281 Thread 0x00007fac48001800 Uncommon trap: trap_request=0xffffff5d fr.pc=0x000000012432eefc relative=0x000000000000077c
Event: 70.281 Thread 0x00007fac48001800 DEOPT PACKING pc=0x000000012432eefc sp=0x00007000046168e0
Event: 70.281 Thread 0x00007fac48001800 DEOPT UNPACKING pc=0x000000011c828c9f sp=0x00007000046168a0 mode 2
Event: 70.304 loading class org/lwjgl/opengl/CallbackUtil
Event: 70.304 loading class org/lwjgl/opengl/CallbackUtil done


Dynamic libraries:
0x00007fffafb46000 	/System/Library/Frameworks/Cocoa.framework/Versions/A/Cocoa
0x00007fffb63e4000 	/System/Library/Frameworks/Security.framework/Versions/A/Security
0x00007fffaea01000 	/System/Library/Frameworks/ApplicationServices.framework/Versions/A/ApplicationServices
0x00007fffc5855000 	/usr/lib/libz.1.dylib
0x00007fffc4355000 	/usr/lib/libSystem.B.dylib
0x00007fffb00db000 	/System/Library/Frameworks/CoreFoundation.framework/Versions/A/CoreFoundation
0x00007fffb1b53000 	/System/Library/Frameworks/Foundation.framework/Versions/C/Foundation
0x00007fffc5003000 	/usr/lib/libobjc.A.dylib
0x00007fffadc16000 	/System/Library/Frameworks/AppKit.framework/Versions/C/AppKit
0x00007fffafd32000 	/System/Library/Frameworks/CoreData.framework/Versions/A/CoreData
0x00007fffc0ddd000 	/System/Library/PrivateFrameworks/RemoteViewServices.framework/Versions/A/RemoteViewServices
0x00007fffc2dc5000 	/System/Library/PrivateFrameworks/UIFoundation.framework/Versions/A/UIFoundation
0x00007fffbc16b000 	/System/Library/PrivateFrameworks/DFRFoundation.framework/Versions/A/DFRFoundation
0x00007fffc4946000 	/usr/lib/libenergytrace.dylib
0x00007fffc1c07000 	/System/Library/PrivateFrameworks/SkyLight.framework/Versions/A/SkyLight
0x00007fffb0575000 	/System/Library/Frameworks/CoreGraphics.framework/Versions/A/CoreGraphics
0x00007fffc4350000 	/usr/lib/libScreenReader.dylib
0x00007fffacc38000 	/System/Library/Frameworks/Accelerate.framework/Versions/A/Accelerate
0x00007fffb2151000 	/System/Library/Frameworks/IOSurface.framework/Versions/A/IOSurface
0x00007fffaef24000 	/System/Library/Frameworks/AudioToolbox.framework/Versions/A/AudioToolbox
0x00007fffaf131000 	/System/Library/Frameworks/AudioUnit.framework/Versions/A/AudioUnit
0x00007fffbc1b0000 	/System/Library/PrivateFrameworks/DataDetectorsCore.framework/Versions/A/DataDetectorsCore
0x00007fffbc2a1000 	/System/Library/PrivateFrameworks/DesktopServicesPriv.framework/Versions/A/DesktopServicesPriv
0x00007fffaf693000 	/System/Library/Frameworks/Carbon.framework/Versions/A/Frameworks/HIToolbox.framework/Versions/A/HIToolbox
0x00007fffc4a4f000 	/usr/lib/libicucore.A.dylib
0x00007fffb5c7d000 	/System/Library/Frameworks/QuartzCore.framework/Versions/A/QuartzCore
0x00007fffafa5f000 	/System/Library/Frameworks/Carbon.framework/Versions/A/Frameworks/SpeechRecognition.framework/Versions/A/SpeechRecognition
0x00007fffc446e000 	/usr/lib/libauto.dylib
0x00007fffc573b000 	/usr/lib/libxml2.2.dylib
0x00007fffbbe25000 	/System/Library/PrivateFrameworks/CoreUI.framework/Versions/A/CoreUI
0x00007fffafc90000 	/System/Library/Frameworks/CoreAudio.framework/Versions/A/CoreAudio
0x00007fffb19bc000 	/System/Library/Frameworks/DiskArbitration.framework/Versions/A/DiskArbitration
0x00007fffc4c7a000 	/usr/lib/liblangid.dylib
0x00007fffbfcc4000 	/System/Library/PrivateFrameworks/MultitouchSupport.framework/Versions/A/MultitouchSupport
0x00007fffb20ba000 	/System/Library/Frameworks/IOKit.framework/Versions/A/IOKit
0x00007fffc4116000 	/usr/lib/libDiagnosticMessagesClient.dylib
0x00007fffb0fa0000 	/System/Library/Frameworks/CoreServices.framework/Versions/A/CoreServices
0x00007fffc0681000 	/System/Library/PrivateFrameworks/PerformanceAnalysis.framework/Versions/A/PerformanceAnalysis
0x00007fffbe0f3000 	/System/Library/PrivateFrameworks/GenerationalStorage.framework/Versions/A/GenerationalStorage
0x00007fffb511d000 	/System/Library/Frameworks/OpenGL.framework/Versions/A/OpenGL
0x00007fffb0bf8000 	/System/Library/Frameworks/CoreImage.framework/Versions/A/CoreImage
0x00007fffb16c9000 	/System/Library/Frameworks/CoreText.framework/Versions/A/CoreText
0x00007fffb21aa000 	/System/Library/Frameworks/ImageIO.framework/Versions/A/ImageIO
0x00007fffb99e3000 	/System/Library/PrivateFrameworks/Backup.framework/Versions/A/Backup
0x00007fffc43c2000 	/usr/lib/libarchive.2.dylib
0x00007fffaf29a000 	/System/Library/Frameworks/CFNetwork.framework/Versions/A/CFNetwork
0x00007fffb6b11000 	/System/Library/Frameworks/SystemConfiguration.framework/Versions/A/SystemConfiguration
0x00007fffc405d000 	/usr/lib/libCRFSuite.dylib
0x00007fffc448f000 	/usr/lib/libc++.1.dylib
0x00007fffc44e6000 	/usr/lib/libc++abi.dylib
0x00007fffc5875000 	/usr/lib/system/libcache.dylib
0x00007fffc587a000 	/usr/lib/system/libcommonCrypto.dylib
0x00007fffc5885000 	/usr/lib/system/libcompiler_rt.dylib
0x00007fffc588d000 	/usr/lib/system/libcopyfile.dylib
0x00007fffc5896000 	/usr/lib/system/libcorecrypto.dylib
0x00007fffc591a000 	/usr/lib/system/libdispatch.dylib
0x00007fffc594c000 	/usr/lib/system/libdyld.dylib
0x00007fffc5952000 	/usr/lib/system/libkeymgr.dylib
0x00007fffc5960000 	/usr/lib/system/liblaunch.dylib
0x00007fffc5961000 	/usr/lib/system/libmacho.dylib
0x00007fffc5967000 	/usr/lib/system/libquarantine.dylib
0x00007fffc596a000 	/usr/lib/system/libremovefile.dylib
0x00007fffc596c000 	/usr/lib/system/libsystem_asl.dylib
0x00007fffc5985000 	/usr/lib/system/libsystem_blocks.dylib
0x00007fffc5986000 	/usr/lib/system/libsystem_c.dylib
0x00007fffc5a14000 	/usr/lib/system/libsystem_configuration.dylib
0x00007fffc5a18000 	/usr/lib/system/libsystem_coreservices.dylib
0x00007fffc5a1c000 	/usr/lib/system/libsystem_coretls.dylib
0x00007fffc5a35000 	/usr/lib/system/libsystem_dnssd.dylib
0x00007fffc5a3c000 	/usr/lib/system/libsystem_info.dylib
0x00007fffc5a66000 	/usr/lib/system/libsystem_kernel.dylib
0x00007fffc5a89000 	/usr/lib/system/libsystem_m.dylib
0x00007fffc5ad1000 	/usr/lib/system/libsystem_malloc.dylib
0x00007fffc5af0000 	/usr/lib/system/libsystem_network.dylib
0x00007fffc5b4a000 	/usr/lib/system/libsystem_networkextension.dylib
0x00007fffc5b54000 	/usr/lib/system/libsystem_notify.dylib
0x00007fffc5b5e000 	/usr/lib/system/libsystem_platform.dylib
0x00007fffc5b67000 	/usr/lib/system/libsystem_pthread.dylib
0x00007fffc5b72000 	/usr/lib/system/libsystem_sandbox.dylib
0x00007fffc5b76000 	/usr/lib/system/libsystem_secinit.dylib
0x00007fffc5b78000 	/usr/lib/system/libsystem_symptoms.dylib
0x00007fffc5b80000 	/usr/lib/system/libsystem_trace.dylib
0x00007fffc5b94000 	/usr/lib/system/libunwind.dylib
0x00007fffc5b9a000 	/usr/lib/system/libxpc.dylib
0x00007fffc446f000 	/usr/lib/libbsm.0.dylib
0x00007fffc5953000 	/usr/lib/system/libkxld.dylib
0x00007fffc4539000 	/usr/lib/libcoretls.dylib
0x00007fffc453a000 	/usr/lib/libcoretls_cfhelpers.dylib
0x00007fffc434f000 	/usr/lib/libOpenScriptingUtil.dylib
0x00007fffc53d8000 	/usr/lib/libpam.2.dylib
0x00007fffc5497000 	/usr/lib/libsqlite3.dylib
0x00007fffc572d000 	/usr/lib/libxar.1.dylib
0x00007fffc4480000 	/usr/lib/libbz2.1.0.dylib
0x00007fffc4c7c000 	/usr/lib/liblzma.5.dylib
0x00007fffc4f88000 	/usr/lib/libnetwork.dylib
0x00007fffc53dd000 	/usr/lib/libpcap.A.dylib
0x00007fffb1303000 	/System/Library/Frameworks/CoreServices.framework/Versions/A/Frameworks/FSEvents.framework/Versions/A/FSEvents
0x00007fffb0ff3000 	/System/Library/Frameworks/CoreServices.framework/Versions/A/Frameworks/CarbonCore.framework/Versions/A/CarbonCore
0x00007fffb1479000 	/System/Library/Frameworks/CoreServices.framework/Versions/A/Frameworks/Metadata.framework/Versions/A/Metadata
0x00007fffb152a000 	/System/Library/Frameworks/CoreServices.framework/Versions/A/Frameworks/OSServices.framework/Versions/A/OSServices
0x00007fffb158a000 	/System/Library/Frameworks/CoreServices.framework/Versions/A/Frameworks/SearchKit.framework/Versions/A/SearchKit
0x00007fffb0fa1000 	/System/Library/Frameworks/CoreServices.framework/Versions/A/Frameworks/AE.framework/Versions/A/AE
0x00007fffb130c000 	/System/Library/Frameworks/CoreServices.framework/Versions/A/Frameworks/LaunchServices.framework/Versions/A/LaunchServices
0x00007fffb12cf000 	/System/Library/Frameworks/CoreServices.framework/Versions/A/Frameworks/DictionaryServices.framework/Versions/A/DictionaryServices
0x00007fffb15fb000 	/System/Library/Frameworks/CoreServices.framework/Versions/A/Frameworks/SharedFileList.framework/Versions/A/SharedFileList
0x00007fffb4341000 	/System/Library/Frameworks/NetFS.framework/Versions/A/NetFS
0x00007fffbfd9e000 	/System/Library/PrivateFrameworks/NetAuth.framework/Versions/A/NetAuth
0x00007fffc4006000 	/System/Library/PrivateFrameworks/login.framework/Versions/A/Frameworks/loginsupport.framework/Versions/A/loginsupport
0x00007fffc2bf7000 	/System/Library/PrivateFrameworks/TCC.framework/Versions/A/TCC
0x00007fffc4cad000 	/usr/lib/libmecabra.dylib
0x00007fffaea02000 	/System/Library/Frameworks/ApplicationServices.framework/Versions/A/Frameworks/ATS.framework/Versions/A/ATS
0x00007fffaed81000 	/System/Library/Frameworks/ApplicationServices.framework/Versions/A/Frameworks/ColorSync.framework/Versions/A/ColorSync
0x00007fffaee2c000 	/System/Library/Frameworks/ApplicationServices.framework/Versions/A/Frameworks/HIServices.framework/Versions/A/HIServices
0x00007fffaee7e000 	/System/Library/Frameworks/ApplicationServices.framework/Versions/A/Frameworks/LangAnalysis.framework/Versions/A/LangAnalysis
0x00007fffaee8e000 	/System/Library/Frameworks/ApplicationServices.framework/Versions/A/Frameworks/PrintCore.framework/Versions/A/PrintCore
0x00007fffaeedc000 	/System/Library/Frameworks/ApplicationServices.framework/Versions/A/Frameworks/QD.framework/Versions/A/QD
0x00007fffaef18000 	/System/Library/Frameworks/ApplicationServices.framework/Versions/A/Frameworks/SpeechSynthesis.framework/Versions/A/SpeechSynthesis
0x00007fffacc51000 	/System/Library/Frameworks/Accelerate.framework/Versions/A/Frameworks/vImage.framework/Versions/A/vImage
0x00007fffad957000 	/System/Library/Frameworks/Accelerate.framework/Versions/A/Frameworks/vecLib.framework/Versions/A/vecLib
0x00007fffad71c000 	/System/Library/Frameworks/Accelerate.framework/Versions/A/Frameworks/vecLib.framework/Versions/A/libvDSP.dylib
0x00007fffad2dd000 	/System/Library/Frameworks/Accelerate.framework/Versions/A/Frameworks/vecLib.framework/Versions/A/libBNNS.dylib
0x00007fffad700000 	/System/Library/Frameworks/Accelerate.framework/Versions/A/Frameworks/vecLib.framework/Versions/A/libQuadrature.dylib
0x00007fffad8a4000 	/System/Library/Frameworks/Accelerate.framework/Versions/A/Frameworks/vecLib.framework/Versions/A/libvMisc.dylib
0x00007fffad2f2000 	/System/Library/Frameworks/Accelerate.framework/Versions/A/Frameworks/vecLib.framework/Versions/A/libLAPACK.dylib
0x00007fffad16b000 	/System/Library/Frameworks/Accelerate.framework/Versions/A/Frameworks/vecLib.framework/Versions/A/libBLAS.dylib
0x00007fffad6e9000 	/System/Library/Frameworks/Accelerate.framework/Versions/A/Frameworks/vecLib.framework/Versions/A/libLinearAlgebra.dylib
0x00007fffad707000 	/System/Library/Frameworks/Accelerate.framework/Versions/A/Frameworks/vecLib.framework/Versions/A/libSparseBLAS.dylib
0x00007fffaeb0a000 	/System/Library/Frameworks/ApplicationServices.framework/Versions/A/Frameworks/ATS.framework/Versions/A/Resources/libFontParser.dylib
0x00007fffaec3a000 	/System/Library/Frameworks/ApplicationServices.framework/Versions/A/Frameworks/ATS.framework/Versions/A/Resources/libFontRegistry.dylib
0x00007fffb2401000 	/System/Library/Frameworks/ImageIO.framework/Versions/A/Resources/libJPEG.dylib
0x00007fffb2450000 	/System/Library/Frameworks/ImageIO.framework/Versions/A/Resources/libTIFF.dylib
0x00007fffb2425000 	/System/Library/Frameworks/ImageIO.framework/Versions/A/Resources/libPng.dylib
0x00007fffb230b000 	/System/Library/Frameworks/ImageIO.framework/Versions/A/Resources/libGIF.dylib
0x00007fffb2310000 	/System/Library/Frameworks/ImageIO.framework/Versions/A/Resources/libJP2.dylib
0x00007fffb244d000 	/System/Library/Frameworks/ImageIO.framework/Versions/A/Resources/libRadiance.dylib
0x00007fffc4522000 	/usr/lib/libcompression.dylib
0x00007fffb9525000 	/System/Library/PrivateFrameworks/AppleJPEG.framework/Versions/A/AppleJPEG
0x00007fffc4878000 	/usr/lib/libcups.2.dylib
0x00007fffb3205000 	/System/Library/Frameworks/Kerberos.framework/Versions/A/Kerberos
0x00007fffb1f25000 	/System/Library/Frameworks/GSS.framework/Versions/A/GSS
0x00007fffc542b000 	/usr/lib/libresolv.9.dylib
0x00007fffc495c000 	/usr/lib/libiconv.2.dylib
0x00007fffbe820000 	/System/Library/PrivateFrameworks/Heimdal.framework/Versions/A/Heimdal
0x00007fffc4956000 	/usr/lib/libheimdal-asn1.dylib
0x00007fffb4592000 	/System/Library/Frameworks/OpenDirectory.framework/Versions/A/OpenDirectory
0x00007fffbb038000 	/System/Library/PrivateFrameworks/CommonAuth.framework/Versions/A/CommonAuth
0x00007fffb4578000 	/System/Library/Frameworks/OpenDirectory.framework/Versions/A/Frameworks/CFOpenDirectory.framework/Versions/A/CFOpenDirectory
0x00007fffb66e7000 	/System/Library/Frameworks/SecurityFoundation.framework/Versions/A/SecurityFoundation
0x00007fffbefd8000 	/System/Library/PrivateFrameworks/LanguageModeling.framework/Versions/A/LanguageModeling
0x00007fffc4c96000 	/usr/lib/libmarisa.dylib
0x00007fffc4079000 	/usr/lib/libChineseTokenizer.dylib
0x00007fffc4511000 	/usr/lib/libcmph.dylib
0x00007fffbb789000 	/System/Library/PrivateFrameworks/CoreEmoji.framework/Versions/A/CoreEmoji
0x00007fffb6787000 	/System/Library/Frameworks/ServiceManagement.framework/Versions/A/ServiceManagement
0x00007fffc582b000 	/usr/lib/libxslt.1.dylib
0x00007fffaf9a7000 	/System/Library/Frameworks/Carbon.framework/Versions/A/Frameworks/Ink.framework/Versions/A/Ink
0x00007fffc2c89000 	/System/Library/PrivateFrameworks/TextureIO.framework/Versions/A/TextureIO
0x00007fffb39fd000 	/System/Library/Frameworks/Metal.framework/Versions/A/Metal
0x00007fffc43ee000 	/usr/lib/libate.dylib
0x00007fffbde22000 	/System/Library/PrivateFrameworks/GPUCompiler.framework/libmetal_timestamp.dylib
0x00007fffb45a1000 	/System/Library/Frameworks/OpenGL.framework/Versions/A/Libraries/libCoreFSCache.dylib
0x00007fffbeeb1000 	/System/Library/PrivateFrameworks/IOAccelerator.framework/Versions/A/IOAccelerator
0x00007fffb1817000 	/System/Library/Frameworks/CoreVideo.framework/Versions/A/CoreVideo
0x00007fffc4118000 	/usr/lib/libFosl_dynamic.dylib
0x00007fffbfab0000 	/System/Library/PrivateFrameworks/MetalPerformanceShaders.framework/Versions/A/MetalPerformanceShaders
0x00007fffbc69a000 	/System/Library/PrivateFrameworks/FaceCore.framework/Versions/A/FaceCore
0x00007fffb4529000 	/System/Library/Frameworks/OpenCL.framework/Versions/A/OpenCL
0x00007fffb4774000 	/System/Library/Frameworks/OpenGL.framework/Versions/A/Libraries/libGLU.dylib
0x00007fffb45aa000 	/System/Library/Frameworks/OpenGL.framework/Versions/A/Libraries/libGFXShared.dylib
0x00007fffb45b4000 	/System/Library/Frameworks/OpenGL.framework/Versions/A/Libraries/libGL.dylib
0x00007fffb45c0000 	/System/Library/Frameworks/OpenGL.framework/Versions/A/Libraries/libGLImage.dylib
0x00007fffb459e000 	/System/Library/Frameworks/OpenGL.framework/Versions/A/Libraries/libCVMSPluginSupport.dylib
0x00007fffb45a5000 	/System/Library/Frameworks/OpenGL.framework/Versions/A/Libraries/libCoreVMClient.dylib
0x00007fffbc0eb000 	/System/Library/PrivateFrameworks/CrashReporterSupport.framework/Versions/A/CrashReporterSupport
0x00007fffc1b59000 	/System/Library/PrivateFrameworks/Sharing.framework/Versions/A/Sharing
0x00007fffbeecf000 	/System/Library/PrivateFrameworks/IconServices.framework/Versions/A/IconServices
0x00007fffc0daa000 	/System/Library/PrivateFrameworks/ProtocolBuffer.framework/Versions/A/ProtocolBuffer
0x00007fffb93ff000 	/System/Library/PrivateFrameworks/Apple80211.framework/Versions/A/Apple80211
0x00007fffb184d000 	/System/Library/Frameworks/CoreWLAN.framework/Versions/A/CoreWLAN
0x00007fffbbf65000 	/System/Library/PrivateFrameworks/CoreUtils.framework/Versions/A/CoreUtils
0x00007fffb2016000 	/System/Library/Frameworks/IOBluetooth.framework/Versions/A/IOBluetooth
0x00007fffbc085000 	/System/Library/PrivateFrameworks/CoreWiFi.framework/Versions/A/CoreWiFi
0x00007fffafd1e000 	/System/Library/Frameworks/CoreBluetooth.framework/Versions/A/CoreBluetooth
0x00007fffb002e000 	/System/Library/Frameworks/CoreDisplay.framework/Versions/A/CoreDisplay
0x00007fffbeeba000 	/System/Library/PrivateFrameworks/IOPresentment.framework/Versions/A/IOPresentment
0x00007fffbc176000 	/System/Library/PrivateFrameworks/DSExternalDisplay.framework/Versions/A/DSExternalDisplay
0x00007fffbc261000 	/System/Library/PrivateFrameworks/DebugSymbols.framework/Versions/A/DebugSymbols
0x00007fffbbd95000 	/System/Library/PrivateFrameworks/CoreSymbolication.framework/Versions/A/CoreSymbolication
0x00007fffc2744000 	/System/Library/PrivateFrameworks/Symbolication.framework/Versions/A/Symbolication
0x00007fffb9422000 	/System/Library/PrivateFrameworks/AppleFSCompression.framework/Versions/A/AppleFSCompression
0x00007fffc204c000 	/System/Library/PrivateFrameworks/SpeechRecognitionCore.framework/Versions/A/SpeechRecognitionCore
0x00007fffba6ec000 	/System/Library/PrivateFrameworks/ChunkingLibrary.framework/Versions/A/ChunkingLibrary
0x000000010f2bf000 	/System/Library/CoreServices/Encodings/libSimplifiedChineseConverter.dylib
0x000000010fc00000 	/Library/Java/JavaVirtualMachines/jdk-9.0.4.jdk/Contents/Home/lib/server/libjvm.dylib
0x00007fffc5694000 	/usr/lib/libstdc++.6.dylib
0x000000010f303000 	/Library/Java/JavaVirtualMachines/jdk-9.0.4.jdk/Contents/Home/lib/libverify.dylib
0x000000010f310000 	/Library/Java/JavaVirtualMachines/jdk-9.0.4.jdk/Contents/Home/lib/libjava.dylib
0x000000010f34e000 	/Library/Java/JavaVirtualMachines/jdk-9.0.4.jdk/Contents/Home/lib/libzip.dylib
0x000000010f356000 	/Library/Java/JavaVirtualMachines/jdk-9.0.4.jdk/Contents/Home/lib/libjimage.dylib
0x000000010f3e1000 	/Library/Java/JavaVirtualMachines/jdk-9.0.4.jdk/Contents/Home/lib/libnio.dylib
0x00000001323ec000 	/Library/Java/JavaVirtualMachines/jdk-9.0.4.jdk/Contents/Home/lib/./libnet.dylib
0x00000001324ad000 	/Library/Java/JavaVirtualMachines/jdk-9.0.4.jdk/Contents/Home/lib/libawt.dylib
0x0000000132552000 	/Library/Java/JavaVirtualMachines/jdk-9.0.4.jdk/Contents/Home/lib/./libmlib_image.dylib
0x00000001325c0000 	/System/Library/Frameworks/JavaVM.framework/Versions/A/Frameworks/JavaNativeFoundation.framework/Versions/A/JavaNativeFoundation
0x00000001325d5000 	/System/Library/Frameworks/JavaVM.framework/Versions/A/Frameworks/JavaRuntimeSupport.framework/Versions/A/JavaRuntimeSupport
0x000000010f3f1000 	/System/Library/Frameworks/JavaVM.framework/Versions/A/JavaVM
0x00000001325ef000 	/System/Library/PrivateFrameworks/JavaLaunching.framework/Versions/A/JavaLaunching
0x00007fffaf68e000 	/System/Library/Frameworks/Carbon.framework/Versions/A/Carbon
0x00007fffaf68f000 	/System/Library/Frameworks/Carbon.framework/Versions/A/Frameworks/CommonPanels.framework/Versions/A/CommonPanels
0x00007fffaf99d000 	/System/Library/Frameworks/Carbon.framework/Versions/A/Frameworks/Help.framework/Versions/A/Help
0x00007fffaf9a1000 	/System/Library/Frameworks/Carbon.framework/Versions/A/Frameworks/ImageCapture.framework/Versions/A/ImageCapture
0x00007fffafa3f000 	/System/Library/Frameworks/Carbon.framework/Versions/A/Frameworks/OpenScripting.framework/Versions/A/OpenScripting
0x00007fffafa5a000 	/System/Library/Frameworks/Carbon.framework/Versions/A/Frameworks/Print.framework/Versions/A/Print
0x00007fffafa5c000 	/System/Library/Frameworks/Carbon.framework/Versions/A/Frameworks/SecurityHI.framework/Versions/A/SecurityHI
0x00000001325fb000 	/Library/Java/JavaVirtualMachines/jdk-9.0.4.jdk/Contents/Home/lib/libawt_lwawt.dylib
0x00000001326bb000 	/Library/Java/JavaVirtualMachines/jdk-9.0.4.jdk/Contents/Home/lib/./libosxapp.dylib
0x00007fffb1b50000 	/System/Library/Frameworks/ExceptionHandling.framework/Versions/A/ExceptionHandling
0x000000013287c000 	/Library/Java/JavaVirtualMachines/jdk-9.0.4.jdk/Contents/Home/lib/libfontmanager.dylib
0x00007fffbbad4000 	/System/Library/PrivateFrameworks/CoreServicesInternal.framework/Versions/A/CoreServicesInternal
0x00007fffaad8d000 	/System/Library/CoreServices/RawCamera.bundle/Contents/MacOS/RawCamera
0x00007fffacc39000 	/System/Library/Frameworks/Accelerate.framework/Versions/A/Frameworks/vImage.framework/Versions/A/Libraries/libCGInterfaces.dylib
0x00007fffaece1000 	/System/Library/Frameworks/ApplicationServices.framework/Versions/A/Frameworks/ATS.framework/Versions/A/Resources/libTrueTypeScaler.dylib
0x0000000135c1c000 	/System/Library/Frameworks/OpenGL.framework/Resources/GLEngine.bundle/GLEngine
0x00007fffb45fd000 	/System/Library/Frameworks/OpenGL.framework/Versions/A/Libraries/libGLProgrammability.dylib
0x0000000135e01000 	/System/Library/Extensions/AppleIntelBDWGraphicsGLDriver.bundle/Contents/MacOS/AppleIntelBDWGraphicsGLDriver
0x00007fffbde2f000 	/System/Library/PrivateFrameworks/GPUSupport.framework/Versions/A/Libraries/libGPUSupportMercury.dylib
0x000000013656d000 	/System/Library/Frameworks/OpenGL.framework/Resources//GLRendererFloat.bundle/GLRendererFloat
0x00007fffb4520000 	/System/Library/Frameworks/OpenCL.framework/Versions/A/Libraries/libcldcpuengine.dylib
0x00007fffc45f5000 	/usr/lib/libcrypto.0.9.8.dylib
0x00007fffc2dc3000 	/System/Library/PrivateFrameworks/TrustEvaluationAgent.framework/Versions/A/TrustEvaluationAgent
0x00000001365a1000 	/System/Library/Extensions/AppleIntelBDWGraphicsMTLDriver.bundle/Contents/MacOS/AppleIntelBDWGraphicsMTLDriver
0x0000000137c27000 	/Users/leyiao/Desktop/2018.SEMESTER.1&2/SWEN20003  /SWEN20003/Project 2B/lib/liblwjgl.dylib
0x00000001350ad000 	/Library/Java/JavaVirtualMachines/jdk-9.0.4.jdk/Contents/Home/lib/libjawt.dylib
0x00007fffc3a24000 	/System/Library/PrivateFrameworks/ViewBridge.framework/Versions/A/ViewBridge
0x00007fffc3f2f000 	/System/Library/PrivateFrameworks/XPCService.framework/Versions/A/XPCService
0x00007fffb93f1000 	/System/Library/PrivateFrameworks/AppSandbox.framework/Versions/A/AppSandbox
0x00007fffc5448000 	/usr/lib/libsandbox.1.dylib
0x00007fffb93d5000 	/System/Library/PrivateFrameworks/AppContainer.framework/Versions/A/AppContainer
0x00007fffc1ac7000 	/System/Library/PrivateFrameworks/SecCodeWrapper.framework/Versions/A/SecCodeWrapper
0x00007fffc4347000 	/usr/lib/libMatch.1.dylib
0x0000000135c0f000 	/Users/leyiao/Desktop/2018.SEMESTER.1&2/SWEN20003  /SWEN20003/Project 2B/lib/libjinput-osx.dylib
0x0000000138d05000 	/System/Library/Extensions/IOHIDFamily.kext/Contents/PlugIns/IOHIDLib.plugin/Contents/MacOS/IOHIDLib

VM Arguments:
jvm_args: -Djava.library.path=/Users/leyiao/Desktop/2018.SEMESTER.1&2/SWEN20003  /SWEN20003/Project 2B/lib:/Users/leyiao/Desktop/2018.SEMESTER.1&2/SWEN20003  /SWEN20003/Project 2B/lib:/Users/leyiao/Desktop/2018.SEMESTER.1&2/SWEN20003  /SWEN20003/Project 2B/lib -Dfile.encoding=UTF-8 
java_command: App
java_class_path (initial): /Users/leyiao/Desktop/2018.SEMESTER.1&2/SWEN20003  /SWEN20003/Project 2B/bin:/Users/leyiao/Desktop/2018.SEMESTER.1&2/SWEN20003  /SWEN20003/Project 2B/lib/lwjgl.jar:/Users/leyiao/Desktop/2018.SEMESTER.1&2/SWEN20003  /SWEN20003/Project 2B/lib/slick.jar:/Users/leyiao/Desktop/2018.SEMESTER.1&2/SWEN20003  /SWEN20003/Project 2B/lib/jinput.jar
Launcher Type: SUN_STANDARD

Logging:
Log output configuration:
#0: stdout all=warning uptime,level,tags
#1: stderr all=off uptime,level,tags

Environment Variables:
PATH=/usr/bin:/bin:/usr/sbin:/sbin
SHELL=/bin/bash

Signal Handlers:
SIGSEGV: [libjvm.dylib+0x73f3dc], sa_mask[0]=11111111011111110111111111111111, sa_flags=SA_ONSTACK|SA_RESTART|SA_SIGINFO
SIGBUS: [libjvm.dylib+0x73f3dc], sa_mask[0]=11111111011111110111111111111111, sa_flags=SA_RESTART|SA_SIGINFO
SIGFPE: [libjvm.dylib+0x73f3dc], sa_mask[0]=11111111011111110111111111111111, sa_flags=SA_RESTART|SA_SIGINFO
SIGPIPE: [libjvm.dylib+0x5f233c], sa_mask[0]=11111111011111110111111111111111, sa_flags=SA_RESTART|SA_SIGINFO
SIGXFSZ: [libjvm.dylib+0x5f233c], sa_mask[0]=11111111011111110111111111111111, sa_flags=SA_RESTART|SA_SIGINFO
SIGILL: [libjvm.dylib+0x73f3dc], sa_mask[0]=11111111011111110111111111111111, sa_flags=SA_RESTART|SA_SIGINFO
SIGUSR2: [libjvm.dylib+0x5f2bcc], sa_mask[0]=00100000000000000000000000000000, sa_flags=SA_RESTART|SA_SIGINFO
SIGHUP: [libjvm.dylib+0x5f1409], sa_mask[0]=11111111011111110111111111111111, sa_flags=SA_RESTART|SA_SIGINFO
SIGINT: [libjvm.dylib+0x5f1409], sa_mask[0]=11111111011111110111111111111111, sa_flags=SA_RESTART|SA_SIGINFO
SIGTERM: [libjvm.dylib+0x5f1409], sa_mask[0]=11111111011111110111111111111111, sa_flags=SA_RESTART|SA_SIGINFO
SIGQUIT: [libjvm.dylib+0x5f1409], sa_mask[0]=11111111011111110111111111111111, sa_flags=SA_RESTART|SA_SIGINFO


---------------  S Y S T E M  ---------------

OS:uname:Darwin 16.6.0 Darwin Kernel Version 16.6.0: Fri Apr 14 16:21:16 PDT 2017; root:xnu-3789.60.24~6/RELEASE_X86_64 x86_64
rlimit: STACK 8192k, CORE 0k, NPROC 709, NOFILE 10240, AS infinity
load average:1.89 1.89 1.78

CPU:total 4 (initial active 4) (2 cores per cpu, 2 threads per core) family 6 model 61 stepping 4, cmov, cx8, fxsr, mmx, sse, sse2, sse3, ssse3, sse4.1, sse4.2, popcnt, avx, avx2, aes, clmul, erms, rtm, 3dnowpref, lzcnt, ht, tsc, tscinvbit, bmi1, bmi2, adx, fma

Memory: 4k page, physical 8388608k(257516k free)

vm_info: Java HotSpot(TM) 64-Bit Server VM (9.0.4+11) for bsd-amd64 JRE (9.0.4+11), built on Dec 20 2017 02:08:50 by "mach5one" with gcc 4.2.1 Compatible Apple LLVM 6.1.0 (clang-602.0.49)

END.
